
  .   ____          _            __ _ _
 /\\ / ___'_ __ _ _(_)_ __  __ _ \ \ \ \
( ( )\___ | '_ | '_| | '_ \/ _` | \ \ \ \
 \\/  ___)| |_)| | | | | || (_| |  ) ) ) )
  '  |____| .__|_| |_|_| |_\__, | / / / /
 =========|_|==============|___/=/_/_/_/
 :: Spring Boot ::        (v2.3.1.RELEASE)

2022-01-11 16:48:10.701  INFO 710 --- [           main] r.angularxws.AngularxWsApplication       : Starting AngularxWsApplication v0.0.1-SNAPSHOT on 49494d54a000 with PID 710 (/data/server/angularxws.jar started by root in /data/server)
2022-01-11 16:48:10.721  INFO 710 --- [           main] r.angularxws.AngularxWsApplication       : No active profile set, falling back to default profiles: default
2022-01-11 16:48:17.768  INFO 710 --- [           main] .s.d.r.c.RepositoryConfigurationDelegate : Bootstrapping Spring Data JPA repositories in DEFERRED mode.
2022-01-11 16:48:17.926  INFO 710 --- [           main] .s.d.r.c.RepositoryConfigurationDelegate : Finished Spring Data repository scanning in 91ms. Found 0 JPA repository interfaces.
2022-01-11 16:48:22.441  INFO 710 --- [           main] o.s.b.w.embedded.tomcat.TomcatWebServer  : Tomcat initialized with port(s): 8081 (http)
2022-01-11 16:48:22.505  INFO 710 --- [           main] o.apache.catalina.core.StandardService   : Starting service [Tomcat]
2022-01-11 16:48:22.506  INFO 710 --- [           main] org.apache.catalina.core.StandardEngine  : Starting Servlet engine: [Apache Tomcat/9.0.36]
2022-01-11 16:48:22.982  INFO 710 --- [           main] o.a.c.c.C.[Tomcat].[localhost].[/]       : Initializing Spring embedded WebApplicationContext
2022-01-11 16:48:22.983  INFO 710 --- [           main] w.s.c.ServletWebServerApplicationContext : Root WebApplicationContext: initialization completed in 11803 ms
2022-01-11 16:48:24.768  INFO 710 --- [           main] o.s.s.concurrent.ThreadPoolTaskExecutor  : Initializing ExecutorService 'applicationTaskExecutor'
2022-01-11 16:48:24.958  INFO 710 --- [           main] com.zaxxer.hikari.HikariDataSource       : HikariPool-1 - Starting...
2022-01-11 16:48:26.870  INFO 710 --- [           main] com.zaxxer.hikari.HikariDataSource       : HikariPool-1 - Start completed.
2022-01-11 16:48:27.708  INFO 710 --- [         task-1] o.hibernate.jpa.internal.util.LogHelper  : HHH000204: Processing PersistenceUnitInfo [name: default]
2022-01-11 16:48:30.192  INFO 710 --- [         task-1] org.hibernate.Version                    : HHH000412: Hibernate ORM core version 5.4.17.Final
2022-01-11 16:48:31.977  INFO 710 --- [         task-1] o.hibernate.annotations.common.Version   : HCANN000001: Hibernate Commons Annotations {5.1.0.Final}
2022-01-11 16:48:33.772  INFO 710 --- [         task-1] org.hibernate.dialect.Dialect            : HHH000400: Using dialect: org.hibernate.dialect.H2Dialect
2022-01-11 16:48:36.265  INFO 710 --- [         task-1] o.h.e.t.j.p.i.JtaPlatformInitiator       : HHH000490: Using JtaPlatform implementation: [org.hibernate.engine.transaction.jta.platform.internal.NoJtaPlatform]
2022-01-11 16:48:36.475  INFO 710 --- [         task-1] j.LocalContainerEntityManagerFactoryBean : Initialized JPA EntityManagerFactory for persistence unit 'default'
2022-01-11 16:48:38.012  WARN 710 --- [           main] JpaBaseConfiguration$JpaWebConfiguration : spring.jpa.open-in-view is enabled by default. Therefore, database queries may be performed during view rendering. Explicitly configure spring.jpa.open-in-view to disable this warning
2022-01-11 16:48:41.781  INFO 710 --- [           main] o.s.b.w.embedded.tomcat.TomcatWebServer  : Tomcat started on port(s): 8081 (http) with context path ''
2022-01-11 16:48:41.785  INFO 710 --- [           main] DeferredRepositoryInitializationListener : Triggering deferred initialization of Spring Data repositories?
2022-01-11 16:48:41.787  INFO 710 --- [           main] DeferredRepositoryInitializationListener : Spring Data repositories initialized!
2022-01-11 16:48:41.856  INFO 710 --- [           main] r.angularxws.AngularxWsApplication       : Started AngularxWsApplication in 34.465 seconds (JVM running for 37.697)
2022-01-11 16:48:59.451  INFO 710 --- [nio-8081-exec-1] o.a.c.c.C.[Tomcat].[localhost].[/]       : Initializing Spring DispatcherServlet 'dispatcherServlet'
2022-01-11 16:48:59.452  INFO 710 --- [nio-8081-exec-1] o.s.web.servlet.DispatcherServlet        : Initializing Servlet 'dispatcherServlet'
2022-01-11 16:48:59.561  INFO 710 --- [nio-8081-exec-1] o.s.web.servlet.DispatcherServlet        : Completed initialization in 109 ms
